#
# There is insufficient memory for the Java Runtime Environment to continue.
# Native memory allocation (malloc) failed to allocate 353936 bytes for Chunk::new
# Possible reasons:
#   The system is out of physical RAM or swap space
#   The process is running with CompressedOops enabled, and the Java Heap may be blocking the growth of the native heap
# Possible solutions:
#   Reduce memory load on the system
#   Increase physical memory or swap space
#   Check if swap backing store is full
#   Decrease Java heap size (-Xmx/-Xms)
#   Decrease number of Java threads
#   Decrease Java thread stack sizes (-Xss)
#   Set larger code cache with -XX:ReservedCodeCacheSize=
#   JVM is running with Zero Based Compressed Oops mode in which the Java heap is
#     placed in the first 32GB address space. The Java Heap base address is the
#     maximum limit for the native heap growth. Please use -XX:HeapBaseMinAddress
#     to set the Java Heap base and to place the Java Heap above 32GB virtual address.
# This output file may be truncated or incomplete.
#
#  Out of Memory Error (arena.cpp:184), pid=4820, tid=16324
#
# JRE version: Java(TM) SE Runtime Environment (20.0.1+9) (build 20.0.1+9-29)
# Java VM: Java HotSpot(TM) 64-Bit Server VM (20.0.1+9-29, mixed mode, sharing, tiered, compressed oops, compressed class ptrs, g1 gc, windows-amd64)
# No core dump will be written. Minidumps are not enabled by default on client versions of Windows
#

---------------  S U M M A R Y ------------

Command Line: -Dfile.encoding=UTF-8 -Dstdout.encoding=UTF-8 -Dstderr.encoding=UTF-8 -XX:+ShowCodeDetailsInExceptionMessages com.example.LoadBalancerSpringBoot.LoadBalancerSpringBootApplication

Host: 12th Gen Intel(R) Core(TM) i5-1235U, 12 cores, 15G,  Windows 11 , 64 bit Build 22621 (10.0.22621.4391)
Time: Fri Jan 24 22:22:04 2025 India Standard Time elapsed time: 1993.843780 seconds (0d 0h 33m 13s)

---------------  T H R E A D  ---------------

Current thread (0x00000257ab3d0900):  JavaThread "C2 CompilerThread0" daemon [_thread_in_native, id=16324, stack(0x000000a0f3000000,0x000000a0f3100000)]


Current CompileTask:
C2:1993843 7982       4       org.springframework.boot.autoconfigure.condition.FilteringSpringBootCondition::filter (82 bytes)

Stack: [0x000000a0f3000000,0x000000a0f3100000]
Native frames: (J=compiled Java code, j=interpreted, Vv=VM code, C=native code)
V  [jvm.dll+0x6bb95a]
V  [jvm.dll+0x8485fa]
V  [jvm.dll+0x84a1f5]
V  [jvm.dll+0x84a8f3]
V  [jvm.dll+0x280b0f]
V  [jvm.dll+0xc2b11]
V  [jvm.dll+0xc2e35]
V  [jvm.dll+0x2f5dbf]
V  [jvm.dll+0x5e32eb]
V  [jvm.dll+0x2543b4]
V  [jvm.dll+0x25477f]
V  [jvm.dll+0x24cf6d]
V  [jvm.dll+0x24a549]
V  [jvm.dll+0x1ce491]
V  [jvm.dll+0x259e1b]
V  [jvm.dll+0x2584f0]
V  [jvm.dll+0x3f2895]
V  [jvm.dll+0x7f4b56]
V  [jvm.dll+0x6ba5cb]
C  [ucrtbase.dll+0x29333]
C  [KERNEL32.DLL+0x1259d]
C  [ntdll.dll+0x5af38]


---------------  P R O C E S S  ---------------

Threads class SMR info:
_java_thread_list=0x00000257b20fa630, length=47, elements={
0x00000257ab3adbb0, 0x00000257ab3ae750, 0x00000257ab3ba6d0, 0x00000257ab3beb10,
0x00000257ab3c1710, 0x00000257ab3c1fa0, 0x00000257ab3d0900, 0x00000257af808070,
0x00000257af9262a0, 0x00000257af923d70, 0x00000257b17ba410, 0x00000257b17b8ed0,
0x00000257b17bce90, 0x00000257b17bd930, 0x00000257b17bde80, 0x00000257b17be3d0,
0x00000257b17b7ee0, 0x00000257b17b8980, 0x00000257b17b9420, 0x00000257b17b9970,
0x00000257af923820, 0x00000257af924810, 0x00000257afed88a0, 0x00000257afed8350,
0x00000257afedc310, 0x00000257afedbdc0, 0x00000257afed9890, 0x00000257afeddda0,
0x00000257afedc860, 0x00000257afeda880, 0x00000257afedcdb0, 0x00000257afed9de0,
0x00000257afed8df0, 0x00000257afed7e00, 0x00000257afedd300, 0x00000257afeda330,
0x00000257afedd850, 0x00000257afede2f0, 0x00000257afed78b0, 0x00000257afed68c0,
0x00000257afed6e10, 0x00000257afed7360, 0x00000257af925800, 0x00000257af925d50,
0x00000257af9242c0, 0x00000257af922d80, 0x00000257b450ef40
}

Java Threads: ( => current thread )
  0x00000257ab3adbb0 JavaThread "Reference Handler" daemon [_thread_blocked, id=26804, stack(0x000000a0f2a00000,0x000000a0f2b00000)]
  0x00000257ab3ae750 JavaThread "Finalizer" daemon [_thread_blocked, id=12596, stack(0x000000a0f2b00000,0x000000a0f2c00000)]
  0x00000257ab3ba6d0 JavaThread "Signal Dispatcher" daemon [_thread_blocked, id=17608, stack(0x000000a0f2c00000,0x000000a0f2d00000)]
  0x00000257ab3beb10 JavaThread "Attach Listener" daemon [_thread_blocked, id=27360, stack(0x000000a0f2d00000,0x000000a0f2e00000)]
  0x00000257ab3c1710 JavaThread "Service Thread" daemon [_thread_blocked, id=9432, stack(0x000000a0f2e00000,0x000000a0f2f00000)]
  0x00000257ab3c1fa0 JavaThread "Monitor Deflation Thread" daemon [_thread_blocked, id=9408, stack(0x000000a0f2f00000,0x000000a0f3000000)]
=>0x00000257ab3d0900 JavaThread "C2 CompilerThread0" daemon [_thread_in_native, id=16324, stack(0x000000a0f3000000,0x000000a0f3100000)]
  0x00000257af808070 JavaThread "C1 CompilerThread0" daemon [_thread_blocked, id=24204, stack(0x000000a0f3100000,0x000000a0f3200000)]
  0x00000257af9262a0 JavaThread "Notification Thread" daemon [_thread_blocked, id=9620, stack(0x000000a0f3200000,0x000000a0f3300000)]
  0x00000257af923d70 JavaThread "Common-Cleaner" daemon [_thread_blocked, id=22988, stack(0x000000a0f3400000,0x000000a0f3500000)]
  0x00000257b17ba410 JavaThread "Live Reload Server" daemon [_thread_in_native, id=27372, stack(0x000000a0f4900000,0x000000a0f4a00000)]
  0x00000257b17b8ed0 JavaThread "DestroyJavaVM" [_thread_blocked, id=3068, stack(0x000000a0f2300000,0x000000a0f2400000)]
  0x00000257b17bce90 JavaThread "pool-2-thread-1" [_thread_blocked, id=13304, stack(0x000000a0f2000000,0x000000a0f2100000)]
  0x00000257b17bd930 JavaThread "pool-3-thread-1" [_thread_blocked, id=27716, stack(0x000000a0f2100000,0x000000a0f2200000)]
  0x00000257b17bde80 JavaThread "pool-3-thread-2" [_thread_blocked, id=6244, stack(0x000000a0f2200000,0x000000a0f2300000)]
  0x00000257b17be3d0 JavaThread "pool-4-thread-1" [_thread_blocked, id=3280, stack(0x000000a0f3700000,0x000000a0f3800000)]
  0x00000257b17b7ee0 JavaThread "pool-4-thread-2" [_thread_blocked, id=16900, stack(0x000000a0f4600000,0x000000a0f4700000)]
  0x00000257b17b8980 JavaThread "pool-4-thread-3" [_thread_blocked, id=28344, stack(0x000000a0f5500000,0x000000a0f5600000)]
  0x00000257b17b9420 JavaThread "pool-5-thread-1" [_thread_blocked, id=10876, stack(0x000000a0f5600000,0x000000a0f5700000)]
  0x00000257b17b9970 JavaThread "pool-5-thread-2" [_thread_blocked, id=16452, stack(0x000000a0f5700000,0x000000a0f5800000)]
  0x00000257af923820 JavaThread "pool-5-thread-3" [_thread_blocked, id=9604, stack(0x000000a0f5800000,0x000000a0f5900000)]
  0x00000257af924810 JavaThread "pool-5-thread-4" [_thread_blocked, id=20284, stack(0x000000a0f5900000,0x000000a0f5a00000)]
  0x00000257afed88a0 JavaThread "pool-6-thread-1" [_thread_blocked, id=10120, stack(0x000000a0f5a00000,0x000000a0f5b00000)]
  0x00000257afed8350 JavaThread "pool-6-thread-2" [_thread_blocked, id=14320, stack(0x000000a0f5b00000,0x000000a0f5c00000)]
  0x00000257afedc310 JavaThread "pool-6-thread-3" [_thread_blocked, id=26856, stack(0x000000a0f5c00000,0x000000a0f5d00000)]
  0x00000257afedbdc0 JavaThread "pool-6-thread-4" [_thread_blocked, id=3004, stack(0x000000a0f5d00000,0x000000a0f5e00000)]
  0x00000257afed9890 JavaThread "pool-6-thread-5" [_thread_blocked, id=11540, stack(0x000000a0f5e00000,0x000000a0f5f00000)]
  0x00000257afeddda0 JavaThread "pool-2-thread-2" [_thread_blocked, id=7964, stack(0x000000a0f5f00000,0x000000a0f6000000)]
  0x00000257afedc860 JavaThread "pool-3-thread-3" [_thread_blocked, id=8500, stack(0x000000a0f6000000,0x000000a0f6100000)]
  0x00000257afeda880 JavaThread "pool-3-thread-4" [_thread_blocked, id=25060, stack(0x000000a0f6100000,0x000000a0f6200000)]
  0x00000257afedcdb0 JavaThread "pool-4-thread-4" [_thread_blocked, id=19116, stack(0x000000a0f6200000,0x000000a0f6300000)]
  0x00000257afed9de0 JavaThread "pool-4-thread-5" [_thread_blocked, id=9844, stack(0x000000a0f6300000,0x000000a0f6400000)]
  0x00000257afed8df0 JavaThread "pool-4-thread-6" [_thread_blocked, id=29356, stack(0x000000a0f6400000,0x000000a0f6500000)]
  0x00000257afed7e00 JavaThread "pool-5-thread-5" [_thread_blocked, id=16168, stack(0x000000a0f6500000,0x000000a0f6600000)]
  0x00000257afedd300 JavaThread "pool-5-thread-6" [_thread_blocked, id=9196, stack(0x000000a0f6600000,0x000000a0f6700000)]
  0x00000257afeda330 JavaThread "pool-5-thread-7" [_thread_blocked, id=27324, stack(0x000000a0f6700000,0x000000a0f6800000)]
  0x00000257afedd850 JavaThread "pool-5-thread-8" [_thread_blocked, id=23296, stack(0x000000a0f6800000,0x000000a0f6900000)]
  0x00000257afede2f0 JavaThread "pool-10-thread-1" [_thread_blocked, id=13484, stack(0x000000a0f3500000,0x000000a0f3600000)]
  0x00000257afed78b0 JavaThread "pool-10-thread-2" [_thread_blocked, id=22248, stack(0x000000a0f3600000,0x000000a0f3700000)]
  0x00000257afed68c0 JavaThread "pool-10-thread-3" [_thread_blocked, id=3864, stack(0x000000a0f6900000,0x000000a0f6a00000)]
  0x00000257afed6e10 JavaThread "pool-10-thread-4" [_thread_blocked, id=28896, stack(0x000000a0f6a00000,0x000000a0f6b00000)]
  0x00000257afed7360 JavaThread "pool-10-thread-5" [_thread_blocked, id=21096, stack(0x000000a0f6b00000,0x000000a0f6c00000)]
  0x00000257af925800 JavaThread "pool-13-thread-1" [_thread_blocked, id=19100, stack(0x000000a0f4300000,0x000000a0f4400000)]
  0x00000257af925d50 JavaThread "pool-14-thread-1" [_thread_blocked, id=25092, stack(0x000000a0f4400000,0x000000a0f4500000)]
  0x00000257af9242c0 JavaThread "Thread-31" [_thread_blocked, id=9240, stack(0x000000a0f4700000,0x000000a0f4800000)]
  0x00000257af922d80 JavaThread "restartedMain" [_thread_blocked, id=27092, stack(0x000000a0f4c00000,0x000000a0f4d00000)]
  0x00000257b450ef40 JavaThread "C2 CompilerThread1" daemon [_thread_in_vm, id=28620, stack(0x000000a0f4b00000,0x000000a0f4c00000)]

Other Threads:
  0x00000257ab392c90 VMThread "VM Thread" [stack: 0x000000a0f2900000,0x000000a0f2a00000] [id=25552]
  0x00000257af929570 WatcherThread "VM Periodic Task Thread" [stack: 0x000000a0f3300000,0x000000a0f3400000] [id=20396]
  0x0000025789dd23f0 WorkerThread "GC Thread#0" [stack: 0x000000a0f2400000,0x000000a0f2500000] [id=29688]
  0x00000257b07b0d70 WorkerThread "GC Thread#1" [stack: 0x000000a0f3800000,0x000000a0f3900000] [id=20184]
  0x00000257b05d9100 WorkerThread "GC Thread#2" [stack: 0x000000a0f3900000,0x000000a0f3a00000] [id=23988]
  0x00000257b06618a0 WorkerThread "GC Thread#3" [stack: 0x000000a0f3a00000,0x000000a0f3b00000] [id=13192]
  0x00000257b0662980 WorkerThread "GC Thread#4" [stack: 0x000000a0f3b00000,0x000000a0f3c00000] [id=25124]
  0x00000257b0662c50 WorkerThread "GC Thread#5" [stack: 0x000000a0f3c00000,0x000000a0f3d00000] [id=29616]
  0x00000257b06623e0 WorkerThread "GC Thread#6" [stack: 0x000000a0f3e00000,0x000000a0f3f00000] [id=17148]
  0x00000257b0662f20 WorkerThread "GC Thread#7" [stack: 0x000000a0f3f00000,0x000000a0f4000000] [id=29588]
  0x00000257b0662110 WorkerThread "GC Thread#8" [stack: 0x000000a0f4000000,0x000000a0f4100000] [id=25344]
  0x00000257b06626b0 WorkerThread "GC Thread#9" [stack: 0x000000a0f4100000,0x000000a0f4200000] [id=29304]
  0x0000025789de3de0 ConcurrentGCThread "G1 Main Marker" [stack: 0x000000a0f2500000,0x000000a0f2600000] [id=23092]
  0x0000025789de4810 WorkerThread "G1 Conc#0" [stack: 0x000000a0f2600000,0x000000a0f2700000] [id=28500]
  0x00000257b1196550 WorkerThread "G1 Conc#1" [stack: 0x000000a0f3d00000,0x000000a0f3e00000] [id=21956]
  0x00000257b1196280 WorkerThread "G1 Conc#2" [stack: 0x000000a0f4200000,0x000000a0f4300000] [id=24232]
  0x00000257ab254b00 ConcurrentGCThread "G1 Refine#0" [stack: 0x000000a0f2700000,0x000000a0f2800000] [id=5072]
  0x00000257ab2565b0 ConcurrentGCThread "G1 Service" [stack: 0x000000a0f2800000,0x000000a0f2900000] [id=8792]

Threads with active compile tasks:
C2 CompilerThread0  1993876 7982       4       org.springframework.boot.autoconfigure.condition.FilteringSpringBootCondition::filter (82 bytes)
C2 CompilerThread1  1993876 8003       4       org.springframework.core.ResolvableType::isAssignableFrom (566 bytes)

VM state: not at safepoint (normal execution)

VM Mutex/Monitor currently owned by a thread: None

Heap address: 0x0000000705200000, size: 4014 MB, Compressed Oops mode: Zero based, Oop shift amount: 3

CDS archive(s) mapped at: [0x0000000800000000-0x0000000800c60000-0x0000000800c60000), size 12976128, SharedBaseAddress: 0x0000000800000000, ArchiveRelocationMode: 0.
Compressed class space mapped at: 0x0000000801000000-0x0000000841000000, reserved size: 1073741824
Narrow klass base: 0x0000000800000000, Narrow klass shift: 0, Narrow klass range: 0x100000000

GC Precious Log:
 CardTable entry size: 512
 Card Set container configuration: InlinePtr #cards 4 size 8 Array Of Cards #cards 16 size 48 Howl #buckets 8 coarsen threshold 3686 Howl Bitmap #cards 512 size 80 coarsen threshold 460 Card regions per heap region 1 cards per card region 4096
 CPUs: 12 total, 12 available
 Memory: 16052M
 Large Page Support: Disabled
 NUMA Support: Disabled
 Compressed Oops: Enabled (Zero based)
 Heap Region Size: 2M
 Heap Min Capacity: 8M
 Heap Initial Capacity: 252M
 Heap Max Capacity: 4014M
 Pre-touch: Disabled
 Parallel Workers: 10
 Concurrent Workers: 3
 Concurrent Refinement Workers: 10
 Periodic GC: Disabled

Heap:
 garbage-first heap   total 61440K, used 32709K [0x0000000705200000, 0x0000000800000000)
  region size 2048K, 3 young (6144K), 2 survivors (4096K)
 Metaspace       used 39027K, committed 39808K, reserved 1114112K
  class space    used 4749K, committed 5120K, reserved 1048576K

Heap Regions: E=young(eden), S=young(survivor), O=old, HS=humongous(starts), HC=humongous(continues), CS=collection set, F=free, OA=open archive, CA=closed archive, TAMS=top-at-mark-start, PB=parsable bottom
|   0|0x0000000705200000, 0x0000000705400000, 0x0000000705400000|100%| O|  |TAMS 0x0000000705400000| PB 0x0000000705200000| Untracked 
|   1|0x0000000705400000, 0x0000000705600000, 0x0000000705600000|100%| O|  |TAMS 0x0000000705600000| PB 0x0000000705400000| Untracked 
|   2|0x0000000705600000, 0x00000007057fffd0, 0x0000000705800000| 99%| O|  |TAMS 0x00000007057fffd0| PB 0x0000000705600000| Untracked 
|   3|0x0000000705800000, 0x00000007059fffe0, 0x0000000705a00000| 99%| O|  |TAMS 0x00000007059fffe0| PB 0x0000000705800000| Untracked 
|   4|0x0000000705a00000, 0x0000000705bfe8c0, 0x0000000705c00000| 99%| O|  |TAMS 0x0000000705bfe8c0| PB 0x0000000705a00000| Untracked 
|   5|0x0000000705c00000, 0x0000000705dfffe8, 0x0000000705e00000| 99%| O|  |TAMS 0x0000000705dfffe8| PB 0x0000000705c00000| Untracked 
|   6|0x0000000705e00000, 0x0000000705ffffe0, 0x0000000706000000| 99%| O|  |TAMS 0x0000000705ffffe0| PB 0x0000000705e00000| Untracked 
|   7|0x0000000706000000, 0x00000007061fffc8, 0x0000000706200000| 99%| O|  |TAMS 0x00000007061fffc8| PB 0x0000000706000000| Untracked 
|   8|0x0000000706200000, 0x0000000706400000, 0x0000000706400000|100%| O|  |TAMS 0x0000000706400000| PB 0x0000000706200000| Untracked 
|   9|0x0000000706400000, 0x00000007065ffff8, 0x0000000706600000| 99%| O|  |TAMS 0x00000007065ffff8| PB 0x0000000706400000| Untracked 
|  10|0x0000000706600000, 0x00000007067fffd0, 0x0000000706800000| 99%| O|  |TAMS 0x00000007067fffd0| PB 0x0000000706600000| Untracked 
|  11|0x0000000706800000, 0x00000007069ffff8, 0x0000000706a00000| 99%| O|  |TAMS 0x00000007069ffff8| PB 0x0000000706800000| Untracked 
|  12|0x0000000706a00000, 0x0000000706ba7030, 0x0000000706c00000| 82%| O|  |TAMS 0x0000000706ba7030| PB 0x0000000706a00000| Untracked 
|  13|0x0000000706c00000, 0x0000000706e00000, 0x0000000706e00000|100%| O|  |TAMS 0x0000000706e00000| PB 0x0000000706c00000| Untracked 
|  14|0x0000000706e00000, 0x0000000706fec500, 0x0000000707000000| 96%| O|  |TAMS 0x0000000706fec500| PB 0x0000000706e00000| Untracked 
|  15|0x0000000707000000, 0x0000000707000000, 0x0000000707200000|  0%| F|  |TAMS 0x0000000707000000| PB 0x0000000707000000| Untracked 
|  16|0x0000000707200000, 0x000000070725f9a0, 0x0000000707400000| 18%| S|CS|TAMS 0x0000000707200000| PB 0x0000000707200000| Complete 
|  17|0x0000000707400000, 0x0000000707600000, 0x0000000707600000|100%| S|CS|TAMS 0x0000000707400000| PB 0x0000000707400000| Complete 
|  18|0x0000000707600000, 0x0000000707600000, 0x0000000707800000|  0%| F|  |TAMS 0x0000000707600000| PB 0x0000000707600000| Untracked 
|  19|0x0000000707800000, 0x0000000707800000, 0x0000000707a00000|  0%| F|  |TAMS 0x0000000707800000| PB 0x0000000707800000| Untracked 
|  20|0x0000000707a00000, 0x0000000707a00000, 0x0000000707c00000|  0%| F|  |TAMS 0x0000000707a00000| PB 0x0000000707a00000| Untracked 
|  21|0x0000000707c00000, 0x0000000707c00000, 0x0000000707e00000|  0%| F|  |TAMS 0x0000000707c00000| PB 0x0000000707c00000| Untracked 
|  22|0x0000000707e00000, 0x0000000707e00000, 0x0000000708000000|  0%| F|  |TAMS 0x0000000707e00000| PB 0x0000000707e00000| Untracked 
|  23|0x0000000708000000, 0x0000000708000000, 0x0000000708200000|  0%| F|  |TAMS 0x0000000708000000| PB 0x0000000708000000| Untracked 
|  24|0x0000000708200000, 0x0000000708200000, 0x0000000708400000|  0%| F|  |TAMS 0x0000000708200000| PB 0x0000000708200000| Untracked 
|  25|0x0000000708400000, 0x0000000708400000, 0x0000000708600000|  0%| F|  |TAMS 0x0000000708400000| PB 0x0000000708400000| Untracked 
|  26|0x0000000708600000, 0x0000000708600000, 0x0000000708800000|  0%| F|  |TAMS 0x0000000708600000| PB 0x0000000708600000| Untracked 
|  27|0x0000000708800000, 0x0000000708800000, 0x0000000708a00000|  0%| F|  |TAMS 0x0000000708800000| PB 0x0000000708800000| Untracked 
|  93|0x0000000710c00000, 0x0000000710c00000, 0x0000000710e00000|  0%| F|  |TAMS 0x0000000710c00000| PB 0x0000000710c00000| Untracked 
|  94|0x0000000710e00000, 0x0000000710fa2648, 0x0000000711000000| 81%| E|  |TAMS 0x0000000710e00000| PB 0x0000000710e00000| Complete 

Card table byte_map: [0x00000257a3a40000,0x00000257a4220000] _byte_map_base: 0x00000257a0217000

Marking Bits: (CMBitMap*) 0x0000025789dd2a20
 Bits: [0x00000257a4a00000, 0x00000257a88b8000)

Polling page: 0x0000025789e10000

Metaspace:

Usage:
  Non-class:     33.47 MB used.
      Class:      4.64 MB used.
       Both:     38.11 MB used.

Virtual space:
  Non-class space:       64.00 MB reserved,      33.88 MB ( 53%) committed,  1 nodes.
      Class space:        1.00 GB reserved,       5.00 MB ( <1%) committed,  1 nodes.
             Both:        1.06 GB reserved,      38.88 MB (  4%) committed. 

Chunk freelists:
   Non-Class:  1.58 MB
       Class:  2.97 MB
        Both:  4.55 MB

MaxMetaspaceSize: unlimited
CompressedClassSpaceSize: 1.00 GB
Initial GC threshold: 21.00 MB
Current GC threshold: 64.69 MB
CDS: on
MetaspaceReclaimPolicy: balanced
 - commit_granule_bytes: 65536.
 - commit_granule_words: 8192.
 - virtual_space_node_default_size: 8388608.
 - enlarge_chunks_in_place: 1.
 - new_chunks_are_fully_committed: 0.
 - uncommit_free_chunks: 1.
 - use_allocation_guard: 0.


Internal statistics:

num_allocs_failed_limit: 6.
num_arena_births: 984.
num_arena_deaths: 0.
num_vsnodes_births: 2.
num_vsnodes_deaths: 0.
num_space_committed: 622.
num_space_uncommitted: 0.
num_chunks_returned_to_freelist: 6.
num_chunks_taken_from_freelist: 2480.
num_chunk_merges: 6.
num_chunk_splits: 1595.
num_chunks_enlarged: 1077.
num_inconsistent_stats: 0.

CodeHeap 'non-profiled nmethods': size=120000Kb used=4802Kb max_used=4984Kb free=115197Kb
 bounds [0x000002579b0b0000, 0x000002579b5a0000, 0x00000257a25e0000]
CodeHeap 'profiled nmethods': size=120000Kb used=11896Kb max_used=13045Kb free=108103Kb
 bounds [0x00000257935e0000, 0x00000257942b0000, 0x000002579ab10000]
CodeHeap 'non-nmethods': size=5760Kb used=1579Kb max_used=1641Kb free=4180Kb
 bounds [0x000002579ab10000, 0x000002579ad80000, 0x000002579b0b0000]
 total_blobs=6386 nmethods=5796 adapters=500
 compilation: enabled
              stopped_count=0, restarted_count=0
 full_count=0

Compilation events (20 events):
Event: 1993.818 Thread 0x00000257b450ef40 nmethod 7974 0x000002579b15f090 code [0x000002579b15f240, 0x000002579b15f4c0]
Event: 1993.818 Thread 0x00000257b450ef40 7983       4       java.util.regex.Pattern$$Lambda$23/0x800000033::is (13 bytes)
Event: 1993.819 Thread 0x00000257b450ef40 nmethod 7983 0x000002579b0b3890 code [0x000002579b0b3a20, 0x000002579b0b3c10]
Event: 1993.819 Thread 0x00000257b450ef40 7984       4       java.io.File::<init> (111 bytes)
Event: 1993.827 Thread 0x00000257b450ef40 nmethod 7984 0x000002579b200f10 code [0x000002579b201100, 0x000002579b2018a0]
Event: 1993.827 Thread 0x00000257b450ef40 7986       4       org.springframework.core.io.DefaultResourceLoader::getClassLoader (18 bytes)
Event: 1993.828 Thread 0x00000257b450ef40 nmethod 7986 0x000002579b0d7110 code [0x000002579b0d7280, 0x000002579b0d7358]
Event: 1993.828 Thread 0x00000257b450ef40 7985       4       org.springframework.boot.autoconfigure.condition.ConditionEvaluationReport::recordConditionEvaluation (58 bytes)
Event: 1993.828 Thread 0x00000257af808070 7987       1       org.springframework.boot.actuate.autoconfigure.web.server.ManagementContextConfigurationImportSelector$ManagementConfiguration::getContextType (5 bytes)
Event: 1993.828 Thread 0x00000257af808070 nmethod 7987 0x000002579b0e8110 code [0x000002579b0e8280, 0x000002579b0e8350]
Event: 1993.830 Thread 0x00000257b450ef40 nmethod 7985 0x000002579b103310 code [0x000002579b1034c0, 0x000002579b103788]
Event: 1993.830 Thread 0x00000257b450ef40 7988       4       org.springframework.context.support.GenericApplicationContext::getClassLoader (29 bytes)
Event: 1993.831 Thread 0x00000257b450ef40 nmethod 7988 0x000002579b1c7090 code [0x000002579b1c7220, 0x000002579b1c73c8]
Event: 1993.831 Thread 0x00000257b450ef40 7989       4       org.springframework.core.annotation.TypeMappedAnnotation::getValueFromMetaAnnotation (55 bytes)
Event: 1993.831 Thread 0x00000257af808070 7990       3       org.springframework.beans.factory.config.ConstructorArgumentValues::<init> (27 bytes)
Event: 1993.832 Thread 0x00000257af808070 nmethod 7990 0x00000257935fa290 code [0x00000257935fa480, 0x00000257935faaf0]
Event: 1993.833 Thread 0x00000257b450ef40 nmethod 7989 0x000002579b16e490 code [0x000002579b16e620, 0x000002579b16e8d8]
Event: 1993.835 Thread 0x00000257b450ef40 7991       4       java.util.HashMap$Node::hashCode (16 bytes)
Event: 1993.835 Thread 0x00000257b450ef40 nmethod 7991 0x000002579b0fd190 code [0x000002579b0fd300, 0x000002579b0fd498]
Event: 1993.836 Thread 0x00000257b450ef40 7992       4       org.springframework.boot.autoconfigure.condition.ConditionEvaluationReport$ConditionAndOutcome::hashCode (22 bytes)

GC Heap History (20 events):
Event: 1637.620 GC heap before
{Heap before GC invocations=16 (full 4):
 garbage-first heap   total 61440K, used 51088K [0x0000000705200000, 0x0000000800000000)
  region size 2048K, 14 young (28672K), 0 survivors (0K)
 Metaspace       used 38512K, committed 39296K, reserved 1114112K
  class space    used 4728K, committed 5056K, reserved 1048576K
}
Event: 1637.621 GC heap after
{Heap after GC invocations=17 (full 4):
 garbage-first heap   total 61440K, used 25324K [0x0000000705200000, 0x0000000800000000)
  region size 2048K, 2 young (4096K), 2 survivors (4096K)
 Metaspace       used 38512K, committed 39296K, reserved 1114112K
  class space    used 4728K, committed 5056K, reserved 1048576K
}
Event: 1675.823 GC heap before
{Heap before GC invocations=17 (full 4):
 garbage-first heap   total 61440K, used 41708K [0x0000000705200000, 0x0000000800000000)
  region size 2048K, 11 young (22528K), 2 survivors (4096K)
 Metaspace       used 38584K, committed 39296K, reserved 1114112K
  class space    used 4730K, committed 5056K, reserved 1048576K
}
Event: 1675.857 GC heap after
{Heap after GC invocations=18 (full 5):
 garbage-first heap   total 61440K, used 24386K [0x0000000705200000, 0x0000000800000000)
  region size 2048K, 0 young (0K), 0 survivors (0K)
 Metaspace       used 38584K, committed 39296K, reserved 1114112K
  class space    used 4730K, committed 5056K, reserved 1048576K
}
Event: 1676.023 GC heap before
{Heap before GC invocations=18 (full 5):
 garbage-first heap   total 61440K, used 51010K [0x0000000705200000, 0x0000000800000000)
  region size 2048K, 13 young (26624K), 0 survivors (0K)
 Metaspace       used 38647K, committed 39424K, reserved 1114112K
  class space    used 4734K, committed 5120K, reserved 1048576K
}
Event: 1676.025 GC heap after
{Heap after GC invocations=19 (full 5):
 garbage-first heap   total 61440K, used 26962K [0x0000000705200000, 0x0000000800000000)
  region size 2048K, 2 young (4096K), 2 survivors (4096K)
 Metaspace       used 38647K, committed 39424K, reserved 1114112K
  class space    used 4734K, committed 5120K, reserved 1048576K
}
Event: 1873.537 GC heap before
{Heap before GC invocations=19 (full 5):
 garbage-first heap   total 61440K, used 49490K [0x0000000705200000, 0x0000000800000000)
  region size 2048K, 13 young (26624K), 2 survivors (4096K)
 Metaspace       used 38719K, committed 39552K, reserved 1114112K
  class space    used 4735K, committed 5120K, reserved 1048576K
}
Event: 1873.544 GC heap after
{Heap after GC invocations=20 (full 5):
 garbage-first heap   total 61440K, used 27459K [0x0000000705200000, 0x0000000800000000)
  region size 2048K, 1 young (2048K), 1 survivors (2048K)
 Metaspace       used 38719K, committed 39552K, reserved 1114112K
  class space    used 4735K, committed 5120K, reserved 1048576K
}
Event: 1940.867 GC heap before
{Heap before GC invocations=20 (full 5):
 garbage-first heap   total 61440K, used 29507K [0x0000000705200000, 0x0000000800000000)
  region size 2048K, 3 young (6144K), 1 survivors (2048K)
 Metaspace       used 38747K, committed 39552K, reserved 1114112K
  class space    used 4735K, committed 5120K, reserved 1048576K
}
Event: 1940.908 GC heap after
{Heap after GC invocations=21 (full 6):
 garbage-first heap   total 61440K, used 26346K [0x0000000705200000, 0x0000000800000000)
  region size 2048K, 0 young (0K), 0 survivors (0K)
 Metaspace       used 38747K, committed 39552K, reserved 1114112K
  class space    used 4735K, committed 5120K, reserved 1048576K
}
Event: 1941.120 GC heap before
{Heap before GC invocations=21 (full 6):
 garbage-first heap   total 61440K, used 50922K [0x0000000705200000, 0x0000000800000000)
  region size 2048K, 12 young (24576K), 0 survivors (0K)
 Metaspace       used 38798K, committed 39552K, reserved 1114112K
  class space    used 4738K, committed 5120K, reserved 1048576K
}
Event: 1941.122 GC heap after
{Heap after GC invocations=22 (full 6):
 garbage-first heap   total 61440K, used 28780K [0x0000000705200000, 0x0000000800000000)
  region size 2048K, 2 young (4096K), 2 survivors (4096K)
 Metaspace       used 38798K, committed 39552K, reserved 1114112K
  class space    used 4738K, committed 5120K, reserved 1048576K
}
Event: 1968.324 GC heap before
{Heap before GC invocations=23 (full 6):
 garbage-first heap   total 61440K, used 47212K [0x0000000705200000, 0x0000000800000000)
  region size 2048K, 12 young (24576K), 2 survivors (4096K)
 Metaspace       used 38879K, committed 39744K, reserved 1114112K
  class space    used 4740K, committed 5120K, reserved 1048576K
}
Event: 1968.365 GC heap after
{Heap after GC invocations=24 (full 7):
 garbage-first heap   total 61440K, used 28311K [0x0000000705200000, 0x0000000800000000)
  region size 2048K, 0 young (0K), 0 survivors (0K)
 Metaspace       used 38879K, committed 39744K, reserved 1114112K
  class space    used 4740K, committed 5120K, reserved 1048576K
}
Event: 1968.521 GC heap before
{Heap before GC invocations=24 (full 7):
 garbage-first heap   total 61440K, used 52887K [0x0000000705200000, 0x0000000800000000)
  region size 2048K, 12 young (24576K), 0 survivors (0K)
 Metaspace       used 38919K, committed 39744K, reserved 1114112K
  class space    used 4743K, committed 5120K, reserved 1048576K
}
Event: 1968.523 GC heap after
{Heap after GC invocations=25 (full 7):
 garbage-first heap   total 61440K, used 30727K [0x0000000705200000, 0x0000000800000000)
  region size 2048K, 2 young (4096K), 2 survivors (4096K)
 Metaspace       used 38919K, committed 39744K, reserved 1114112K
  class space    used 4743K, committed 5120K, reserved 1048576K
}
Event: 1968.710 GC heap before
{Heap before GC invocations=26 (full 7):
 garbage-first heap   total 61440K, used 49159K [0x0000000705200000, 0x0000000800000000)
  region size 2048K, 11 young (22528K), 2 survivors (4096K)
 Metaspace       used 38982K, committed 39808K, reserved 1114112K
  class space    used 4746K, committed 5120K, reserved 1048576K
}
Event: 1968.712 GC heap after
{Heap after GC invocations=27 (full 7):
 garbage-first heap   total 61440K, used 32125K [0x0000000705200000, 0x0000000800000000)
  region size 2048K, 1 young (2048K), 1 survivors (2048K)
 Metaspace       used 38982K, committed 39808K, reserved 1114112K
  class space    used 4746K, committed 5120K, reserved 1048576K
}
Event: 1993.676 GC heap before
{Heap before GC invocations=27 (full 7):
 garbage-first heap   total 61440K, used 34173K [0x0000000705200000, 0x0000000800000000)
  region size 2048K, 3 young (6144K), 1 survivors (2048K)
 Metaspace       used 38990K, committed 39808K, reserved 1114112K
  class space    used 4746K, committed 5120K, reserved 1048576K
}
Event: 1993.716 GC heap after
{Heap after GC invocations=28 (full 8):
 garbage-first heap   total 61440K, used 30279K [0x0000000705200000, 0x0000000800000000)
  region size 2048K, 0 young (0K), 0 survivors (0K)
 Metaspace       used 38990K, committed 39808K, reserved 1114112K
  class space    used 4746K, committed 5120K, reserved 1048576K
}

Dll operation events (10 events):
Event: 0.009 Loaded shared library C:\Program Files\Java\jdk-20\bin\java.dll
Event: 0.019 Loaded shared library C:\Program Files\Java\jdk-20\bin\jsvml.dll
Event: 0.071 Loaded shared library C:\Program Files\Java\jdk-20\bin\net.dll
Event: 0.073 Loaded shared library C:\Program Files\Java\jdk-20\bin\nio.dll
Event: 0.076 Loaded shared library C:\Program Files\Java\jdk-20\bin\zip.dll
Event: 0.212 Loaded shared library C:\Program Files\Java\jdk-20\bin\jimage.dll
Event: 0.476 Loaded shared library C:\Program Files\Java\jdk-20\bin\management.dll
Event: 0.478 Loaded shared library C:\Program Files\Java\jdk-20\bin\management_ext.dll
Event: 1.243 Loaded shared library C:\Program Files\Java\jdk-20\bin\sunmscapi.dll
Event: 3.539 Loaded shared library C:\Program Files\Java\jdk-20\bin\extnet.dll

Deoptimization events (20 events):
Event: 1941.265 Thread 0x00000257af9242c0 Uncommon trap: trap_request=0xffffffd6 fr.pc=0x000002579b5157e0 relative=0x00000000000004e0
Event: 1941.265 Thread 0x00000257af9242c0 Uncommon trap: reason=array_check action=maybe_recompile pc=0x000002579b5157e0 method=java.util.LinkedHashMap.keysToArray([Ljava/lang/Object;)[Ljava/lang/Object; @ 25 c2
Event: 1941.265 Thread 0x00000257af9242c0 DEOPT PACKING pc=0x000002579b5157e0 sp=0x000000a0f47fa5f0
Event: 1941.265 Thread 0x00000257af9242c0 DEOPT UNPACKING pc=0x000002579ab79d22 sp=0x000000a0f47fa598 mode 2
Event: 1941.318 Thread 0x00000257af9242c0 Uncommon trap: trap_request=0xffffffbe fr.pc=0x000002579b52a1ec relative=0x0000000000000fac
Event: 1941.318 Thread 0x00000257af9242c0 Uncommon trap: reason=profile_predicate action=maybe_recompile pc=0x000002579b52a1ec method=org.springframework.util.ReflectionUtils.doWithLocalFields(Ljava/lang/Class;Lorg/springframework/util/ReflectionUtils$FieldCallback;)V @ 14 c2
Event: 1941.318 Thread 0x00000257af9242c0 DEOPT PACKING pc=0x000002579b52a1ec sp=0x000000a0f47fddb0
Event: 1941.318 Thread 0x00000257af9242c0 DEOPT UNPACKING pc=0x000002579ab79d22 sp=0x000000a0f47fdd70 mode 2
Event: 1941.318 Thread 0x00000257af9242c0 Uncommon trap: trap_request=0xffffffbe fr.pc=0x000002579b52a1ec relative=0x0000000000000fac
Event: 1941.318 Thread 0x00000257af9242c0 Uncommon trap: reason=profile_predicate action=maybe_recompile pc=0x000002579b52a1ec method=org.springframework.util.ReflectionUtils.doWithLocalFields(Ljava/lang/Class;Lorg/springframework/util/ReflectionUtils$FieldCallback;)V @ 14 c2
Event: 1941.318 Thread 0x00000257af9242c0 DEOPT PACKING pc=0x000002579b52a1ec sp=0x000000a0f47fddb0
Event: 1941.318 Thread 0x00000257af9242c0 DEOPT UNPACKING pc=0x000002579ab79d22 sp=0x000000a0f47fdd70 mode 2
Event: 1941.318 Thread 0x00000257af9242c0 Uncommon trap: trap_request=0xffffffbe fr.pc=0x000002579b52a1ec relative=0x0000000000000fac
Event: 1941.318 Thread 0x00000257af9242c0 Uncommon trap: reason=profile_predicate action=maybe_recompile pc=0x000002579b52a1ec method=org.springframework.util.ReflectionUtils.doWithLocalFields(Ljava/lang/Class;Lorg/springframework/util/ReflectionUtils$FieldCallback;)V @ 14 c2
Event: 1941.319 Thread 0x00000257af9242c0 DEOPT PACKING pc=0x000002579b52a1ec sp=0x000000a0f47fddb0
Event: 1941.319 Thread 0x00000257af9242c0 DEOPT UNPACKING pc=0x000002579ab79d22 sp=0x000000a0f47fdd70 mode 2
Event: 1941.319 Thread 0x00000257af9242c0 Uncommon trap: trap_request=0xffffffbe fr.pc=0x000002579b52a1ec relative=0x0000000000000fac
Event: 1941.319 Thread 0x00000257af9242c0 Uncommon trap: reason=profile_predicate action=maybe_recompile pc=0x000002579b52a1ec method=org.springframework.util.ReflectionUtils.doWithLocalFields(Ljava/lang/Class;Lorg/springframework/util/ReflectionUtils$FieldCallback;)V @ 14 c2
Event: 1941.319 Thread 0x00000257af9242c0 DEOPT PACKING pc=0x000002579b52a1ec sp=0x000000a0f47fddb0
Event: 1941.319 Thread 0x00000257af9242c0 DEOPT UNPACKING pc=0x000002579ab79d22 sp=0x000000a0f47fdd70 mode 2

Classes loaded (20 events):
Event: 468.806 Loading class sun/net/spi/DefaultProxySelector$1
Event: 468.806 Loading class sun/net/spi/DefaultProxySelector$1 done
Event: 468.807 Loading class sun/net/spi/DefaultProxySelector$NonProxyInfo
Event: 468.807 Loading class sun/net/spi/DefaultProxySelector$NonProxyInfo done
Event: 468.807 Loading class sun/net/spi/DefaultProxySelector$3
Event: 468.807 Loading class sun/net/spi/DefaultProxySelector$3 done
Event: 468.810 Loading class javax/management/NotificationBroadcasterSupport$WildcardListenerInfo
Event: 468.810 Loading class javax/management/NotificationBroadcasterSupport$WildcardListenerInfo done
Event: 468.822 Loading class java/util/WeakHashMap$KeyIterator
Event: 468.822 Loading class java/util/WeakHashMap$HashIterator
Event: 468.822 Loading class java/util/WeakHashMap$HashIterator done
Event: 468.822 Loading class java/util/WeakHashMap$KeyIterator done
Event: 468.872 Loading class java/lang/ref/Finalizer$2
Event: 468.872 Loading class java/lang/ref/Finalizer$2 done
Event: 468.872 Loading class java/lang/ref/Finalizer$1
Event: 468.872 Loading class java/lang/ref/Finalizer$1 done
Event: 469.159 Loading class java/util/WeakHashMap$EntrySet
Event: 469.159 Loading class java/util/WeakHashMap$EntrySet done
Event: 469.159 Loading class java/util/WeakHashMap$EntryIterator
Event: 469.159 Loading class java/util/WeakHashMap$EntryIterator done

Classes unloaded (0 events):
No events

Classes redefined (0 events):
No events

Internal exceptions (20 events):
Event: 1675.822 Thread 0x00000257b17bf910 Exception <a 'java/lang/InterruptedException'{0x0000000707cd7ce8}: sleep interrupted> (0x0000000707cd7ce8) 
thrown [s\open\src\hotspot\share\prims\jvm.cpp, line 3086]
Event: 1675.863 Thread 0x00000257b17b9ec0 Exception <a 'sun/nio/fs/WindowsException'{0x0000000710e69d58}> (0x0000000710e69d58) 
thrown [s\open\src\hotspot\share\prims\jni.cpp, line 519]
Event: 1676.026 Thread 0x00000257b17b9ec0 Exception <a 'java/lang/NoClassDefFoundError'{0x0000000710e204b0}: org/flywaydb/core/Flyway> (0x0000000710e204b0) 
thrown [s\open\src\hotspot\share\oops\constantPool.cpp, line 848]
Event: 1676.026 Thread 0x00000257b17b9ec0 Exception <a 'java/lang/NoClassDefFoundError'{0x0000000710e20b10}: liquibase/integration/spring/SpringLiquibase> (0x0000000710e20b10) 
thrown [s\open\src\hotspot\share\oops\constantPool.cpp, line 848]
Event: 1676.050 Thread 0x00000257b17b9ec0 Exception <a 'java/io/FileNotFoundException'{0x0000000708885c98}> (0x0000000708885c98) 
thrown [s\open\src\hotspot\share\prims\jni.cpp, line 519]
Event: 1676.067 Thread 0x00000257b17b9ec0 Exception <a 'java/io/FileNotFoundException'{0x000000070872c340}> (0x000000070872c340) 
thrown [s\open\src\hotspot\share\prims\jni.cpp, line 519]
Event: 1940.866 Thread 0x00000257b17b8430 Exception <a 'java/lang/InterruptedException'{0x0000000710d02f30}: sleep interrupted> (0x0000000710d02f30) 
thrown [s\open\src\hotspot\share\prims\jvm.cpp, line 3086]
Event: 1940.915 Thread 0x00000257af9242c0 Exception <a 'sun/nio/fs/WindowsException'{0x0000000710e66cc0}> (0x0000000710e66cc0) 
thrown [s\open\src\hotspot\share\prims\jni.cpp, line 519]
Event: 1941.164 Thread 0x00000257af9242c0 Exception <a 'java/lang/NoClassDefFoundError'{0x0000000710c18f20}: org/flywaydb/core/Flyway> (0x0000000710c18f20) 
thrown [s\open\src\hotspot\share\oops\constantPool.cpp, line 848]
Event: 1941.164 Thread 0x00000257af9242c0 Exception <a 'java/lang/NoClassDefFoundError'{0x0000000710c19580}: liquibase/integration/spring/SpringLiquibase> (0x0000000710c19580) 
thrown [s\open\src\hotspot\share\oops\constantPool.cpp, line 848]
Event: 1941.226 Thread 0x00000257af9242c0 Exception <a 'java/io/FileNotFoundException'{0x000000070867da28}> (0x000000070867da28) 
thrown [s\open\src\hotspot\share\prims\jni.cpp, line 519]
Event: 1941.254 Thread 0x00000257af9242c0 Exception <a 'java/io/FileNotFoundException'{0x00000007085238c8}> (0x00000007085238c8) 
thrown [s\open\src\hotspot\share\prims\jni.cpp, line 519]
Event: 1968.324 Thread 0x00000257b17bee70 Exception <a 'java/lang/InterruptedException'{0x0000000707bd4958}: sleep interrupted> (0x0000000707bd4958) 
thrown [s\open\src\hotspot\share\prims\jvm.cpp, line 3086]
Event: 1968.370 Thread 0x00000257afed9340 Exception <a 'sun/nio/fs/WindowsException'{0x0000000710e63588}> (0x0000000710e63588) 
thrown [s\open\src\hotspot\share\prims\jni.cpp, line 519]
Event: 1968.563 Thread 0x00000257afed9340 Exception <a 'java/lang/NoClassDefFoundError'{0x0000000710c04780}: org/flywaydb/core/Flyway> (0x0000000710c04780) 
thrown [s\open\src\hotspot\share\oops\constantPool.cpp, line 848]
Event: 1968.563 Thread 0x00000257afed9340 Exception <a 'java/lang/NoClassDefFoundError'{0x0000000710c04de0}: liquibase/integration/spring/SpringLiquibase> (0x0000000710c04de0) 
thrown [s\open\src\hotspot\share\oops\constantPool.cpp, line 848]
Event: 1968.596 Thread 0x00000257afed9340 Exception <a 'java/io/FileNotFoundException'{0x00000007086670d0}> (0x00000007086670d0) 
thrown [s\open\src\hotspot\share\prims\jni.cpp, line 519]
Event: 1968.614 Thread 0x00000257afed9340 Exception <a 'java/io/FileNotFoundException'{0x000000070850ce40}> (0x000000070850ce40) 
thrown [s\open\src\hotspot\share\prims\jni.cpp, line 519]
Event: 1993.676 Thread 0x00000257b17bbea0 Exception <a 'java/lang/InterruptedException'{0x0000000710c4bd28}: sleep interrupted> (0x0000000710c4bd28) 
thrown [s\open\src\hotspot\share\prims\jvm.cpp, line 3086]
Event: 1993.721 Thread 0x00000257af922d80 Exception <a 'sun/nio/fs/WindowsException'{0x0000000710e6ab00}> (0x0000000710e6ab00) 
thrown [s\open\src\hotspot\share\prims\jni.cpp, line 519]

VM Operations (20 events):
Event: 1942.152 Executing VM operation: Cleanup
Event: 1942.153 Executing VM operation: Cleanup done
Event: 1943.166 Executing VM operation: Cleanup
Event: 1943.166 Executing VM operation: Cleanup done
Event: 1948.214 Executing VM operation: Cleanup
Event: 1948.214 Executing VM operation: Cleanup done
Event: 1968.324 Executing VM operation: G1CollectFull
Event: 1968.365 Executing VM operation: G1CollectFull done
Event: 1968.521 Executing VM operation: G1CollectForAllocation
Event: 1968.523 Executing VM operation: G1CollectForAllocation done
Event: 1968.540 Executing VM operation: G1PauseRemark
Event: 1968.548 Executing VM operation: G1PauseRemark done
Event: 1968.555 Executing VM operation: G1PauseCleanup
Event: 1968.555 Executing VM operation: G1PauseCleanup done
Event: 1968.710 Executing VM operation: G1CollectForAllocation
Event: 1968.712 Executing VM operation: G1CollectForAllocation done
Event: 1969.727 Executing VM operation: Cleanup
Event: 1969.727 Executing VM operation: Cleanup done
Event: 1993.676 Executing VM operation: G1CollectFull
Event: 1993.716 Executing VM operation: G1CollectFull done

Events (20 events):
Event: 1993.699 Thread 0x00000257ab392c90 flushing nmethod 0x000002579b0b4490
Event: 1993.699 Thread 0x00000257ab392c90 flushing nmethod 0x000002579b0b4190
Event: 1993.699 Thread 0x00000257ab392c90 flushing nmethod 0x000002579b0b3b90
Event: 1993.699 Thread 0x00000257ab392c90 flushing nmethod 0x000002579b0b3890
Event: 1993.699 Thread 0x00000257ab392c90 flushing nmethod 0x000002579b0b3190
Event: 1993.699 Thread 0x00000257ab392c90 flushing nmethod 0x000002579b0b2e90
Event: 1993.699 Thread 0x00000257ab392c90 flushing nmethod 0x000002579b0b2b90
Event: 1993.699 Thread 0x00000257ab392c90 flushing nmethod 0x000002579b0b2890
Event: 1993.699 Thread 0x00000257ab392c90 flushing nmethod 0x000002579b0b2290
Event: 1993.699 Thread 0x00000257ab392c90 flushing nmethod 0x000002579b0b1f90
Event: 1993.699 Thread 0x00000257ab392c90 flushing nmethod 0x000002579b0b1410
Event: 1993.699 Thread 0x00000257ab392c90 flushing nmethod 0x000002579b0b0610
Event: 1993.699 Thread 0x00000257ab392c90 flushing nmethod 0x000002579b0b0310
Event: 1993.699 Thread 0x00000257ab392c90 flushing nmethod 0x000002579b0b0010
Event: 1993.716 Thread 0x00000257af922d80 Thread added: 0x00000257af922d80
Event: 1993.716 Thread 0x00000257af922d80 Thread exited: 0x00000257af922d80
Event: 1993.716 Thread 0x00000257af922d80 Thread added: 0x00000257af922d80
Event: 1993.751 Thread 0x00000257af9232d0 Thread added: 0x00000257af9232d0
Event: 1993.760 Thread 0x00000257af9232d0 Thread exited: 0x00000257af9232d0
Event: 1993.814 Thread 0x00000257b450ef40 Thread added: 0x00000257b450ef40


Dynamic libraries:
0x00007ff6627b0000 - 0x00007ff6627c0000 	C:\Program Files\Java\jdk-20\bin\javaw.exe
0x00007ffaa74f0000 - 0x00007ffaa7707000 	C:\WINDOWS\SYSTEM32\ntdll.dll
0x00007ffaa6360000 - 0x00007ffaa6424000 	C:\WINDOWS\System32\KERNEL32.DLL
0x00007ffaa4b30000 - 0x00007ffaa4eea000 	C:\WINDOWS\System32\KERNELBASE.dll
0x00007ffaa4fb0000 - 0x00007ffaa50c1000 	C:\WINDOWS\System32\ucrtbase.dll
0x00007ffa7b5f0000 - 0x00007ffa7b60b000 	C:\Program Files\Java\jdk-20\bin\VCRUNTIME140.dll
0x00007ffa6ead0000 - 0x00007ffa6eae9000 	C:\Program Files\Java\jdk-20\bin\jli.dll
0x00007ffaa64d0000 - 0x00007ffaa6582000 	C:\WINDOWS\System32\ADVAPI32.dll
0x00007ffaa53e0000 - 0x00007ffaa5487000 	C:\WINDOWS\System32\msvcrt.dll
0x00007ffaa58c0000 - 0x00007ffaa5967000 	C:\WINDOWS\System32\sechost.dll
0x00007ffaa4840000 - 0x00007ffaa4868000 	C:\WINDOWS\System32\bcrypt.dll
0x00007ffaa7390000 - 0x00007ffaa74a4000 	C:\WINDOWS\System32\RPCRT4.dll
0x00007ffaa6750000 - 0x00007ffaa68fe000 	C:\WINDOWS\System32\USER32.dll
0x00007ffaa4870000 - 0x00007ffaa4896000 	C:\WINDOWS\System32\win32u.dll
0x00007ffaa7360000 - 0x00007ffaa7389000 	C:\WINDOWS\System32\GDI32.dll
0x00007ffaa4a10000 - 0x00007ffaa4b2b000 	C:\WINDOWS\System32\gdi32full.dll
0x00007ffaa50d0000 - 0x00007ffaa516a000 	C:\WINDOWS\System32\msvcp_win.dll
0x00007ffa82f80000 - 0x00007ffa83212000 	C:\WINDOWS\WinSxS\amd64_microsoft.windows.common-controls_6595b64144ccf1df_6.0.22621.4541_none_2710d1c57384c085\COMCTL32.dll
0x00007ffa98e20000 - 0x00007ffa98e2a000 	C:\WINDOWS\SYSTEM32\VERSION.dll
0x00007ffaa5490000 - 0x00007ffaa54c1000 	C:\WINDOWS\System32\IMM32.DLL
0x00007ffa81ed0000 - 0x00007ffa81edc000 	C:\Program Files\Java\jdk-20\bin\vcruntime140_1.dll
0x00007ffa3e490000 - 0x00007ffa3e51e000 	C:\Program Files\Java\jdk-20\bin\msvcp140.dll
0x00007ffa087e0000 - 0x00007ffa09477000 	C:\Program Files\Java\jdk-20\bin\server\jvm.dll
0x00007ffa9b150000 - 0x00007ffa9b184000 	C:\WINDOWS\SYSTEM32\WINMM.dll
0x00007ffa70240000 - 0x00007ffa70249000 	C:\WINDOWS\SYSTEM32\WSOCK32.dll
0x00007ffaa72e0000 - 0x00007ffaa7351000 	C:\WINDOWS\System32\WS2_32.dll
0x00007ffaa3890000 - 0x00007ffaa38a8000 	C:\WINDOWS\SYSTEM32\kernel.appcore.dll
0x00007ffa7ff00000 - 0x00007ffa7ff0a000 	C:\Program Files\Java\jdk-20\bin\jimage.dll
0x00007ffaa2320000 - 0x00007ffaa2552000 	C:\WINDOWS\SYSTEM32\DBGHELP.DLL
0x00007ffaa5530000 - 0x00007ffaa58bf000 	C:\WINDOWS\System32\combase.dll
0x00007ffaa5200000 - 0x00007ffaa52d7000 	C:\WINDOWS\System32\OLEAUT32.dll
0x00007ffa92bc0000 - 0x00007ffa92bf2000 	C:\WINDOWS\SYSTEM32\dbgcore.DLL
0x00007ffaa5170000 - 0x00007ffaa51eb000 	C:\WINDOWS\System32\bcryptPrimitives.dll
0x00007ffa6e230000 - 0x00007ffa6e256000 	C:\Program Files\Java\jdk-20\bin\java.dll
0x00007ffa28ce0000 - 0x00007ffa28db7000 	C:\Program Files\Java\jdk-20\bin\jsvml.dll
0x00007ffaa5ae0000 - 0x00007ffaa6358000 	C:\WINDOWS\System32\SHELL32.dll
0x00007ffaa2710000 - 0x00007ffaa3018000 	C:\WINDOWS\SYSTEM32\windows.storage.dll
0x00007ffaa25d0000 - 0x00007ffaa270f000 	C:\WINDOWS\SYSTEM32\wintypes.dll
0x00007ffaa7020000 - 0x00007ffaa711a000 	C:\WINDOWS\System32\SHCORE.dll
0x00007ffaa54d0000 - 0x00007ffaa552e000 	C:\WINDOWS\System32\shlwapi.dll
0x00007ffaa46f0000 - 0x00007ffaa471b000 	C:\WINDOWS\SYSTEM32\profapi.dll
0x00007ffa6c870000 - 0x00007ffa6c883000 	C:\Program Files\Java\jdk-20\bin\net.dll
0x00007ffaa08d0000 - 0x00007ffaa0a06000 	C:\WINDOWS\SYSTEM32\WINHTTP.dll
0x00007ffaa3d70000 - 0x00007ffaa3dd9000 	C:\WINDOWS\system32\mswsock.dll
0x00007ffa66d30000 - 0x00007ffa66d46000 	C:\Program Files\Java\jdk-20\bin\nio.dll
0x00007ffa65930000 - 0x00007ffa65948000 	C:\Program Files\Java\jdk-20\bin\zip.dll
0x00007ffa9dc90000 - 0x00007ffa9dc9a000 	C:\Program Files\Java\jdk-20\bin\management.dll
0x00007ffa9b940000 - 0x00007ffa9b94b000 	C:\Program Files\Java\jdk-20\bin\management_ext.dll
0x00007ffaa6590000 - 0x00007ffaa6598000 	C:\WINDOWS\System32\PSAPI.DLL
0x00007ffa769f0000 - 0x00007ffa769fe000 	C:\Program Files\Java\jdk-20\bin\sunmscapi.dll
0x00007ffaa48a0000 - 0x00007ffaa4a06000 	C:\WINDOWS\System32\CRYPT32.dll
0x00007ffaa4160000 - 0x00007ffaa418d000 	C:\WINDOWS\SYSTEM32\ncrypt.dll
0x00007ffaa4120000 - 0x00007ffaa4157000 	C:\WINDOWS\SYSTEM32\NTASN1.dll
0x00007ffaa3fd0000 - 0x00007ffaa3feb000 	C:\WINDOWS\SYSTEM32\CRYPTSP.dll
0x00007ffaa3850000 - 0x00007ffaa3885000 	C:\WINDOWS\system32\rsaenh.dll
0x00007ffaa3e60000 - 0x00007ffaa3e88000 	C:\WINDOWS\SYSTEM32\USERENV.dll
0x00007ffaa3fc0000 - 0x00007ffaa3fcc000 	C:\WINDOWS\SYSTEM32\CRYPTBASE.dll
0x00007ffaa3270000 - 0x00007ffaa329d000 	C:\WINDOWS\SYSTEM32\IPHLPAPI.DLL
0x00007ffaa6450000 - 0x00007ffaa6459000 	C:\WINDOWS\System32\NSI.dll
0x00007ffa9b7a0000 - 0x00007ffa9b7b9000 	C:\WINDOWS\SYSTEM32\dhcpcsvc6.DLL
0x00007ffa9b780000 - 0x00007ffa9b79f000 	C:\WINDOWS\SYSTEM32\dhcpcsvc.DLL
0x00007ffaa32a0000 - 0x00007ffaa33a2000 	C:\WINDOWS\SYSTEM32\DNSAPI.dll
0x00007ffa76730000 - 0x00007ffa76737000 	C:\Program Files\Java\jdk-20\bin\extnet.dll
0x00007ffa773a0000 - 0x00007ffa773a8000 	C:\WINDOWS\system32\wshunix.dll

dbghelp: loaded successfully - version: 4.0.5 - missing functions: none
symbol engine: initialized successfully - sym options: 0x614 - pdb path: .;C:\Program Files\Java\jdk-20\bin;C:\WINDOWS\SYSTEM32;C:\WINDOWS\WinSxS\amd64_microsoft.windows.common-controls_6595b64144ccf1df_6.0.22621.4541_none_2710d1c57384c085;C:\Program Files\Java\jdk-20\bin\server

VM Arguments:
jvm_args: -Dfile.encoding=UTF-8 -Dstdout.encoding=UTF-8 -Dstderr.encoding=UTF-8 -XX:+ShowCodeDetailsInExceptionMessages 
java_command: com.example.LoadBalancerSpringBoot.LoadBalancerSpringBootApplication
java_class_path (initial): D:\downloads\LoadBalancerSpringBoot\LoadBalancerSpringBoot\target\classes;C:\Users\Disha\.m2\repository\org\springframework\boot\spring-boot-starter-actuator\3.4.1\spring-boot-starter-actuator-3.4.1.jar;C:\Users\Disha\.m2\repository\org\springframework\boot\spring-boot-starter\3.4.1\spring-boot-starter-3.4.1.jar;C:\Users\Disha\.m2\repository\org\springframework\boot\spring-boot-starter-logging\3.4.1\spring-boot-starter-logging-3.4.1.jar;C:\Users\Disha\.m2\repository\ch\qos\logback\logback-classic\1.5.12\logback-classic-1.5.12.jar;C:\Users\Disha\.m2\repository\ch\qos\logback\logback-core\1.5.12\logback-core-1.5.12.jar;C:\Users\Disha\.m2\repository\org\apache\logging\log4j\log4j-to-slf4j\2.24.3\log4j-to-slf4j-2.24.3.jar;C:\Users\Disha\.m2\repository\org\apache\logging\log4j\log4j-api\2.24.3\log4j-api-2.24.3.jar;C:\Users\Disha\.m2\repository\org\slf4j\jul-to-slf4j\2.0.16\jul-to-slf4j-2.0.16.jar;C:\Users\Disha\.m2\repository\jakarta\annotation\jakarta.annotation-api\2.1.1\jakarta.annotation-api-2.1.1.jar;C:\Users\Disha\.m2\repository\org\yaml\snakeyaml\2.3\snakeyaml-2.3.jar;C:\Users\Disha\.m2\repository\org\springframework\boot\spring-boot-actuator-autoconfigure\3.4.1\spring-boot-actuator-autoconfigure-3.4.1.jar;C:\Users\Disha\.m2\repository\org\springframework\boot\spring-boot-actuator\3.4.1\spring-boot-actuator-3.4.1.jar;C:\Users\Disha\.m2\repository\com\fasterxml\jackson\core\jackson-databind\2.18.2\jackson-databind-2.18.2.jar;C:\Users\Disha\.m2\repository\com\fasterxml\jackson\core\jackson-annotations\2.18.2\jackson-annotations-2.18.2.jar;C:\Users\Disha\.m2\repository\com\fasterxml\jackson\core\jackson-core\2.18.2\jackson-core-2.18.2.jar;C:\Users\Disha\.m2\repository\com\fasterxml\jackson\datatype\jackson-datatype-jsr310\2.18.2\jackson-datatype-jsr310-2.18.2.jar;C:\Users\Disha\.m2\repository\io\micrometer\micrometer-observation\1.14.2\micrometer-observation-1.14.2.jar;C:\Users\Disha\.m2\repository\io\micrometer\micrometer-commons\1.14.2\micrometer-commons-1.14.2.jar;C:\Users\Disha\.m2\repository\io\micrometer\micrometer-jakarta9\1.14.2\micrometer-jakarta9-1.14.2.jar;C:\Users\Disha\.m2\repository\io\micrometer\micrometer-core\1.14.2\micrometer-core-1.14.2.jar;C:\Users\Disha\.m2\repository\org\hdrhistogram\HdrHistogram\2.2.2\HdrHistogram-2.2.2.jar;C:\Users\Disha\.m2\repository\org\latencyutils\LatencyUtils\2.0.3\LatencyUtils-2.0.3.jar;C:\Users\Disha\.m2\repository\org\springframework\boot\spring-boot-starter-web\3.4.1\spring-boot-starter-web-3.4.1.jar;C:\Users\Disha\.m2\repository\org\springframework\boot\spring-boot-starter-json\3.4.1\spring-boot-starter-json-3.4.1.jar;C:\Users\Disha\.m2\repository\com\fasterxml\jackson\datatype\jackson-datatype-jdk8\2.18.2\jackson-datatype-jdk8-2.18.2.jar;C:\Users\Disha\.m2\repository\com\fasterxml\jackson\module\jackson-module-parameter-names\2.18.2\jackson-module-parameter-names-2.18.2.jar;C:\Users\Disha\.m2\repository\org\springframework\boot\spring-boot-starter-tomcat\3.4.1\spring-boot-starter-tomcat-3.4.1.jar;C:\Users\Disha\.m2\repository\org\apache\tomcat\embed\tomcat-embed-core\10.1.34\tomcat-embed-core-10.1.34.jar;C:\Users\Disha\.m2\repository\org\apache\tomcat\embed\tomcat-embed-el\10.1.34\tomcat-embed-el-10.1.34.jar;C:\Users\Disha\.m2\repository\org\apache\tomcat\embed\tomcat-embed-websocket\10.1.34\tomcat-embed-websocket-10.1.34.jar;C:\Users\Disha\.m2\repository\org\springframework\spring-web\6.2.1\spring-web-6.2.1.jar;C:\Users\Disha\.m2\repository\org\springframework\spring-beans\6.2.1\spring-beans-6.2.1.jar;C:\Users\Disha\.m2\repository\org\springframework\spring-webmvc\6.2.1\spring-webmvc-6.2.1.jar;C:\Users\Disha\.m2\repository\org\springframework\spring-aop\6.2.1\spring-aop-6.2.1.jar;C:\Users\Disha\.m2\repository\org\springframework\spring-context\6.2.1\spring-context-6.2.1.jar;C:\Users\Disha\.m2\repository\org\springframework\spring-expression\6.2.1\spring-expression-6.2.1.jar;C:\Users\Disha\.m2\repository\org\springframework\boot\spring-boot-devtools\3.4.1\spring-boot-devtools-3.4.1.jar;C:\Users\Disha\.m2\repository\org\springframework\boot\spring-boot\3.4.1\spring-boot-3.4.1.jar;C:\Users\Disha\.m2\repository\org\springframework\boot\spring-boot-autoconfigure\3.4.1\spring-boot-autoconfigure-3.4.1.jar;C:\Users\Disha\.m2\repository\org\slf4j\slf4j-api\2.0.16\slf4j-api-2.0.16.jar;C:\Users\Disha\.m2\repository\org\springframework\spring-core\6.2.1\spring-core-6.2.1.jar;C:\Users\Disha\.m2\repository\org\springframework\spring-jcl\6.2.1\spring-jcl-6.2.1.jar
Launcher Type: SUN_STANDARD

[Global flags]
     intx CICompilerCount                          = 4                                         {product} {ergonomic}
     uint ConcGCThreads                            = 3                                         {product} {ergonomic}
     uint G1ConcRefinementThreads                  = 10                                        {product} {ergonomic}
   size_t G1HeapRegionSize                         = 2097152                                   {product} {ergonomic}
    uintx GCDrainStackTargetSize                   = 64                                        {product} {ergonomic}
   size_t InitialHeapSize                          = 264241152                                 {product} {ergonomic}
   size_t MarkStackSize                            = 4194304                                   {product} {ergonomic}
   size_t MaxHeapSize                              = 4208984064                                {product} {ergonomic}
   size_t MaxNewSize                               = 2524971008                                {product} {ergonomic}
   size_t MinHeapDeltaBytes                        = 2097152                                   {product} {ergonomic}
   size_t MinHeapSize                              = 8388608                                   {product} {ergonomic}
    uintx NonNMethodCodeHeapSize                   = 5839372                                {pd product} {ergonomic}
    uintx NonProfiledCodeHeapSize                  = 122909434                              {pd product} {ergonomic}
    uintx ProfiledCodeHeapSize                     = 122909434                              {pd product} {ergonomic}
    uintx ReservedCodeCacheSize                    = 251658240                              {pd product} {ergonomic}
     bool SegmentedCodeCache                       = true                                      {product} {ergonomic}
     bool ShowCodeDetailsInExceptionMessages       = true                                   {manageable} {command line}
   size_t SoftMaxHeapSize                          = 4208984064                             {manageable} {ergonomic}
     bool UseCompressedClassPointers               = true                           {product lp64_product} {ergonomic}
     bool UseCompressedOops                        = true                           {product lp64_product} {ergonomic}
     bool UseG1GC                                  = true                                      {product} {ergonomic}
     bool UseLargePagesIndividualAllocation        = false                                  {pd product} {ergonomic}

Logging:
Log output configuration:
 #0: stdout all=warning uptime,level,tags foldmultilines=false
 #1: stderr all=off uptime,level,tags foldmultilines=false

Environment Variables:
JAVA_HOME=C:\Program Files\Java\jdk-20
PATH=C:\Program Files\Common Files\Oracle\Java\javapath;C:\windows\system32;C:\windows;C:\windows\System32\Wbem;C:\windows\System32\WindowsPowerShell\v1.0\;C:\windows\System32\OpenSSH\;C:\Program Files (x86)\NVIDIA Corporation\PhysX\Common;C:\Program Files\NVIDIA Corporation\NVIDIA NvDLISR;C:\MinGW\bin;C:\Program Files\Java\jdk-20\bin;C:\WINDOWS\system32;C:\WINDOWS;C:\WINDOWS\System32\Wbem;C:\WINDOWS\System32\WindowsPowerShell\v1.0\;C:\WINDOWS\System32\OpenSSH\;C:\Program Files\Git\cmd;C:\ProgramData\chocolatey\bin;C:\Program Files\HP\HP One Agent;C:\Program Files\Microsoft SQL Server\150\Tools\Binn\;C:\Program Files\Microsoft SQL Server\Client SDK\ODBC\170\Tools\Binn\;C:\Program Files\nodejs\;C:\Program Files (x86)\Microsoft SQL Server\160\Tools\Binn\;C:\Program Files\Microsoft SQL Server\160\Tools\Binn\;C:\Program Files\Microsoft SQL Server\160\DTS\Binn\;C:\Program Files (x86)\Microsoft SQL Server\160\DTS\Binn\;C:\Program Files\dotnet\;C:\Program Files\Go\bin;C:\Users\Disha\anaconda3;C:\Users\Disha\anaconda3\Library\mingw-w64\bin;C:\Users\Disha\anaconda3\Library\usr\bin;C:\Users\Disha\anaconda3\Library\bin;C:\Users\Disha\anaconda3\Scripts;C:\Users\Disha\AppData\Local\Programs\Python\Python312\Scripts\;C:\Users\Disha\AppData\Local\Programs\Python\Python312\;C:\Users\Disha\AppData\Local\Programs\Python\Launcher\;C:\Program Files\Common Files\Oracle\Java\javapath;C:\windows\system32;C:\windows;C:\windows\System32\Wbem;C:\windows\System32\WindowsPowerShell\v1.0\;C:\windows\System32\OpenSSH\;C:\Program Files (x86)\NVIDIA Corporation\PhysX\Common;C:\Program Files\NVIDIA Corporation\NVIDIA NvDLISR;C:\MinGW\bin;C:\Program Files\Java\jdk-19\bin;C:\WINDOWS\system32;C:\WINDOWS;C:\WINDOWS\System32\Wbem;C:\WINDOWS\System32\WindowsPowerShell\v1.0\;C:\WINDOWS\System32\OpenSSH\;C:\Program Files\Git\cmd;C:\Program Files (x86)\Windows Kits\10\Windows Performance Toolkit\;C:\Program Files\nodejs\;C:\Users\Disha\AppData\Local\Microsoft\WindowsApps;C:\Users\Disha\AppData\Local\Programs\Microsoft VS Code\bin;C:\MinGW\mingw32\bin;C:\Program Files\JetBrains\IntelliJ IDEA Community Edition 2023.1.2\bin;C:\Python34\Scripts;C:\dart-sdk\bin;C:\Users\Disha\.dotnet\tools;C:\Program Files\Apache\Maven\apache-maven-3.9.8\bin;C:\flutter\bin;C:\Program Files\Java\jdk-20\bin;C:\Users\Disha\AppData\Local\Pub\Cache\bin;C:\Users\Disha\AppData\Roaming\npm;C:\Users\Disha\go\bin
USERNAME=Disha
OS=Windows_NT
PROCESSOR_IDENTIFIER=Intel64 Family 6 Model 154 Stepping 4, GenuineIntel
TMP=C:\Users\Disha\AppData\Local\Temp
TEMP=C:\Users\Disha\AppData\Local\Temp




---------------  S Y S T E M  ---------------

OS:
 Windows 11 , 64 bit Build 22621 (10.0.22621.4391)
OS uptime: 4 days 2:42 hours

CPU: total 12 (initial active 12) (6 cores per cpu, 2 threads per core) family 6 model 154 stepping 4 microcode 0x432, cx8, cmov, fxsr, ht, mmx, 3dnowpref, sse, sse2, sse3, ssse3, sse4.1, sse4.2, popcnt, lzcnt, tsc, tscinvbit, avx, avx2, aes, erms, clmul, bmi1, bmi2, adx, sha, fma, vzeroupper, clflush, clflushopt, clwb, serialize, rdtscp, rdpid, fsrm, f16c, pku, cet_ibt, cet_ss

Memory: 4k page, system-wide physical 16052M (4130M free)
TotalPageFile size 16052M (AvailPageFile size 4M)
current process WorkingSet (physical memory assigned to process): 194M, peak: 222M
current process commit charge ("private bytes"): 235M, peak: 402M

vm_info: Java HotSpot(TM) 64-Bit Server VM (20.0.1+9-29) for windows-amd64 JRE (20.0.1+9-29), built on 2023-03-07T13:56:11Z by "mach5one" with MS VC++ 17.1 (VS2022)

END.
